<?xml version="1.0" encoding="UTF-8"?>
<testng-results ignored="0" total="1" passed="1" failed="0" skipped="0">
  <reporter-output>
  </reporter-output>
  <suite started-at="2022-06-16T12:12:39 EEST" name="Default suite" finished-at="2022-06-16T12:12:49 EEST" duration-ms="9120">
    <groups>
    </groups>
    <test started-at="2022-06-16T12:12:39 EEST" name="Default test" finished-at="2022-06-16T12:12:49 EEST" duration-ms="9120">
      <class name="tests.LoginTest">
        <test-method is-config="true" signature="setUp()[pri:0, instance:tests.LoginTest@14d3bc22]" started-at="2022-06-16T12:12:40 EEST" name="setUp" finished-at="2022-06-16T12:12:44 EEST" duration-ms="4712" status="PASS">
          <reporter-output>
          </reporter-output>
        </test-method> <!-- setUp -->
        <test-method signature="validLoginTest()[pri:0, instance:tests.LoginTest@14d3bc22]" started-at="2022-06-16T12:12:44 EEST" name="validLoginTest" finished-at="2022-06-16T12:12:45 EEST" duration-ms="630" status="PASS">
          <reporter-output>
          </reporter-output>
        </test-method> <!-- validLoginTest -->
        <test-method is-config="true" signature="tearDown()[pri:0, instance:tests.LoginTest@14d3bc22]" started-at="2022-06-16T12:12:45 EEST" name="tearDown" finished-at="2022-06-16T12:12:49 EEST" duration-ms="3755" status="PASS">
          <reporter-output>
          </reporter-output>
        </test-method> <!-- tearDown -->
      </class> <!-- tests.LoginTest -->
    </test> <!-- Default test -->
  </suite> <!-- Default suite -->
</testng-results>
