<?xml version="1.0" encoding="UTF-8"?>
<testng-results ignored="0" total="1" passed="1" failed="0" skipped="0">
  <reporter-output>
  </reporter-output>
  <suite started-at="2022-06-23T12:35:00 EEST" name="Default suite" finished-at="2022-06-23T12:35:13 EEST" duration-ms="13442">
    <groups>
    </groups>
    <test started-at="2022-06-23T12:35:00 EEST" name="Default test" finished-at="2022-06-23T12:35:13 EEST" duration-ms="13442">
      <class name="tests.ActionsClassTests">
        <test-method is-config="true" signature="setUp()[pri:0, instance:tests.ActionsClassTests@7219ec67]" started-at="2022-06-23T12:35:00 EEST" name="setUp" finished-at="2022-06-23T12:35:05 EEST" duration-ms="4711" status="PASS">
          <reporter-output>
          </reporter-output>
        </test-method> <!-- setUp -->
        <test-method signature="moveByOffset()[pri:0, instance:tests.ActionsClassTests@7219ec67]" started-at="2022-06-23T12:35:05 EEST" name="moveByOffset" finished-at="2022-06-23T12:35:10 EEST" duration-ms="5013" status="PASS">
          <reporter-output>
          </reporter-output>
        </test-method> <!-- moveByOffset -->
        <test-method is-config="true" signature="tearDown()[pri:0, instance:tests.ActionsClassTests@7219ec67]" started-at="2022-06-23T12:35:10 EEST" name="tearDown" finished-at="2022-06-23T12:35:13 EEST" duration-ms="3695" status="PASS">
          <reporter-output>
          </reporter-output>
        </test-method> <!-- tearDown -->
      </class> <!-- tests.ActionsClassTests -->
    </test> <!-- Default test -->
  </suite> <!-- Default suite -->
</testng-results>
